Flow report for completeDataPath
Thu Oct 20 01:43:12 2016
Quartus Prime Version 16.0.0 Build 211 04/27/2016 SJ Standard Edition


---------------------
; Table of Contents ;
---------------------
  1. Legal Notice
  2. Flow Summary
  3. Flow Settings
  4. Flow Non-Default Global Settings
  5. Flow Elapsed Time
  6. Flow OS Summary
  7. Flow Log
  8. Flow Messages
  9. Flow Suppressed Messages



----------------
; Legal Notice ;
----------------
Copyright (C) 1991-2016 Altera Corporation. All rights reserved.
Your use of Altera Corporation's design tools, logic functions 
and other software and tools, and its AMPP partner logic 
functions, and any output files from any of the foregoing 
(including device programming or simulation files), and any 
associated documentation or information are expressly subject 
to the terms and conditions of the Altera Program License 
Subscription Agreement, the Altera Quartus Prime License Agreement,
the Altera MegaCore Function License Agreement, or other 
applicable license agreement, including, without limitation, 
that your use is for the sole purpose of programming logic 
devices manufactured by Altera and sold by Altera or its 
authorized distributors.  Please refer to the applicable 
agreement for further details.



+--------------------------------------------------------------------------------------+
; Flow Summary                                                                         ;
+------------------------------------+-------------------------------------------------+
; Flow Status                        ; Successful - Thu Oct 20 01:43:12 2016           ;
; Quartus Prime Version              ; 16.0.0 Build 211 04/27/2016 SJ Standard Edition ;
; Revision Name                      ; completeDataPath                                ;
; Top-level Entity Name              ; completeDataPath                                ;
; Family                             ; Cyclone IV E                                    ;
; Total logic elements               ; 547 / 6,272 ( 9 % )                             ;
;     Total combinational functions  ; 527 / 6,272 ( 8 % )                             ;
;     Dedicated logic registers      ; 229 / 6,272 ( 4 % )                             ;
; Total registers                    ; 229                                             ;
; Total pins                         ; 38 / 92 ( 41 % )                                ;
; Total virtual pins                 ; 0                                               ;
; Total memory bits                  ; 1,024 / 276,480 ( < 1 % )                       ;
; Embedded Multiplier 9-bit elements ; 0 / 30 ( 0 % )                                  ;
; Total PLLs                         ; 0 / 2 ( 0 % )                                   ;
; Device                             ; EP4CE6E22C6                                     ;
; Timing Models                      ; Final                                           ;
+------------------------------------+-------------------------------------------------+


+-----------------------------------------+
; Flow Settings                           ;
+-------------------+---------------------+
; Option            ; Setting             ;
+-------------------+---------------------+
; Start date & time ; 10/20/2016 01:42:38 ;
; Main task         ; Compilation         ;
; Revision Name     ; completeDataPath    ;
+-------------------+---------------------+


+----------------------------------------------------------------------------------------------------------------------+
; Flow Non-Default Global Settings                                                                                     ;
+-------------------------------------+---------------------------------+---------------+-------------+----------------+
; Assignment Name                     ; Value                           ; Default Value ; Entity Name ; Section Id     ;
+-------------------------------------+---------------------------------+---------------+-------------+----------------+
; COMPILER_SIGNATURE_ID               ; 246927996093655.147690795807964 ; --            ; --          ; --             ;
; EDA_OUTPUT_DATA_FORMAT              ; Verilog Hdl                     ; --            ; --          ; eda_simulation ;
; EDA_SIMULATION_TOOL                 ; ModelSim-Altera (Verilog)       ; <None>        ; --          ; --             ;
; EDA_TIME_SCALE                      ; 1 ps                            ; --            ; --          ; eda_simulation ;
; MISC_FILE                           ; memory.bsf                      ; --            ; --          ; --             ;
; MISC_FILE                           ; memory_inst.vhd                 ; --            ; --          ; --             ;
; MISC_FILE                           ; memory.inc                      ; --            ; --          ; --             ;
; MISC_FILE                           ; memory.cmp                      ; --            ; --          ; --             ;
; MISC_FILE                           ; memory_syn.v                    ; --            ; --          ; --             ;
; MISC_FILE                           ; counter.bsf                     ; --            ; --          ; --             ;
; MISC_FILE                           ; counter_inst.vhd                ; --            ; --          ; --             ;
; MISC_FILE                           ; counter.inc                     ; --            ; --          ; --             ;
; MISC_FILE                           ; counter.cmp                     ; --            ; --          ; --             ;
; MISC_FILE                           ; counter_syn.v                   ; --            ; --          ; --             ;
; PARTITION_COLOR                     ; 16764057                        ; --            ; --          ; Top            ;
; PARTITION_FITTER_PRESERVATION_LEVEL ; PLACEMENT_AND_ROUTING           ; --            ; --          ; Top            ;
; PARTITION_NETLIST_TYPE              ; SOURCE                          ; --            ; --          ; Top            ;
; PROJECT_OUTPUT_DIRECTORY            ; output_files                    ; --            ; --          ; --             ;
+-------------------------------------+---------------------------------+---------------+-------------+----------------+


+-------------------------------------------------------------------------------------------------------------------------------+
; Flow Elapsed Time                                                                                                             ;
+---------------------------+--------------+-------------------------+---------------------+------------------------------------+
; Module Name               ; Elapsed Time ; Average Processors Used ; Peak Virtual Memory ; Total CPU Time (on all processors) ;
+---------------------------+--------------+-------------------------+---------------------+------------------------------------+
; Analysis & Synthesis      ; 00:00:16     ; 1.0                     ; 909 MB              ; 00:00:34                           ;
; Fitter                    ; 00:00:08     ; 1.0                     ; 1330 MB             ; 00:00:10                           ;
; Assembler                 ; 00:00:00     ; 1.0                     ; 743 MB              ; 00:00:00                           ;
; TimeQuest Timing Analyzer ; 00:00:03     ; 1.1                     ; 854 MB              ; 00:00:03                           ;
; EDA Netlist Writer        ; 00:00:02     ; 1.0                     ; 739 MB              ; 00:00:02                           ;
; Total                     ; 00:00:29     ; --                      ; --                  ; 00:00:49                           ;
+---------------------------+--------------+-------------------------+---------------------+------------------------------------+


+----------------------------------------------------------------------------------------+
; Flow OS Summary                                                                        ;
+---------------------------+------------------+-----------+------------+----------------+
; Module Name               ; Machine Hostname ; OS Name   ; OS Version ; Processor type ;
+---------------------------+------------------+-----------+------------+----------------+
; Analysis & Synthesis      ; DESKTOP-VOJ5OBA  ; Windows 8 ; 6.2        ; x86_64         ;
; Fitter                    ; DESKTOP-VOJ5OBA  ; Windows 8 ; 6.2        ; x86_64         ;
; Assembler                 ; DESKTOP-VOJ5OBA  ; Windows 8 ; 6.2        ; x86_64         ;
; TimeQuest Timing Analyzer ; DESKTOP-VOJ5OBA  ; Windows 8 ; 6.2        ; x86_64         ;
; EDA Netlist Writer        ; DESKTOP-VOJ5OBA  ; Windows 8 ; 6.2        ; x86_64         ;
+---------------------------+------------------+-----------+------------+----------------+


------------
; Flow Log ;
------------
quartus_map --read_settings_files=on --write_settings_files=off completeDataPath -c completeDataPath
quartus_fit --read_settings_files=off --write_settings_files=off completeDataPath -c completeDataPath
quartus_asm --read_settings_files=off --write_settings_files=off completeDataPath -c completeDataPath
quartus_sta completeDataPath -c completeDataPath
quartus_eda --read_settings_files=off --write_settings_files=off completeDataPath -c completeDataPath



